Arguments: 
  /home/rewieer/.nvm/versions/node/v7.4.0/bin/node /usr/share/yarn/bin/yarn.js

PATH: 
  /home/rewieer/.nvm/versions/node/v7.4.0/bin:/usr/local/bin:/usr/bin:/bin:/usr/local/games:/usr/games:/home/rewieer/Android/Sdk/tools:/home/rewieer/Android/Sdk/platform-tools

Yarn version: 
  0.27.5

Node version: 
  7.4.0

Platform: 
  linux x64

npm manifest: 
  {
    "name": "s4blog",
    "version": "1.0.0",
    "main": "index.js",
    "author": "Rewieer",
    "license": "MIT",
    "dependencies": {
      "bootstrap": "4.0.0-beta",
    }
  }

yarn manifest: 
  No manifest

Lockfile: 
  # THIS IS AN AUTOGENERATED FILE. DO NOT EDIT THIS FILE DIRECTLY.
  # yarn lockfile v1
  
  
  bootstrap@4.0.0-beta:
    version "4.0.0-beta"
    resolved "https://registry.yarnpkg.com/bootstrap/-/bootstrap-4.0.0-beta.tgz#dc5928175d2e71310bc668cf9e05a907211b72a6"
  
  font-awesome@^4.7.0:
    version "4.7.0"
    resolved "https://registry.yarnpkg.com/font-awesome/-/font-awesome-4.7.0.tgz#8fa8cf0411a1a31afd07b06d2902bb9fc815a133"
  
  jquery-ui-dist@^1.12.1:
    version "1.12.1"
    resolved "https://registry.yarnpkg.com/jquery-ui-dist/-/jquery-ui-dist-1.12.1.tgz#5c0815d3cc6f90ff5faaf5b268a6e23b4ca904fa"
  
  jquery-ui@^1.12.1:
    version "1.12.1"
    resolved "https://registry.yarnpkg.com/jquery-ui/-/jquery-ui-1.12.1.tgz#bcb4045c8dd0539c134bc1488cdd3e768a7a9e51"
  
  jquery@^3.2.1:
    version "3.2.1"
    resolved "https://registry.yarnpkg.com/jquery/-/jquery-3.2.1.tgz#5c4d9de652af6cd0a770154a631bba12b015c787"
  
  metismenu@^2.7.1:
    version "2.7.1"
    resolved "https://registry.yarnpkg.com/metismenu/-/metismenu-2.7.1.tgz#af3cc1550a95836526bd837b887c53ff29cb8b5a"

Trace: 
  SyntaxError: /var/www/html/perso/blog/public/package.json: Unexpected token } in JSON at position 162
      at JSON.parse (<anonymous>)
      at /usr/share/yarn/lib/yarn-cli.js:747:57
      at Generator.next (<anonymous>)
      at step (/usr/share/yarn/lib/yarn-cli.js:91:30)
      at /usr/share/yarn/lib/yarn-cli.js:102:13
